{"C:\\Users\\Murillo\\Desktop\\Desafio 3\\src\\components\\firebase.ts": {"path":"C:\\Users\\Murillo\\Desktop\\Desafio 3\\src\\components\\firebase.ts","statementMap":{"0":{"start":{"line":2,"column":0},"end":{"line":2,"column":45}},"1":{"start":{"line":3,"column":0},"end":{"line":3,"column":38}},"2":{"start":{"line":8,"column":23},"end":{"line":15,"column":2}},"3":{"start":{"line":17,"column":12},"end":{"line":17,"column":41}},"4":{"start":{"line":19,"column":13},"end":{"line":19,"column":28}},"5":{"start":{"line":20,"column":0},"end":{"line":20,"column":19}}},"fnMap":{},"branchMap":{},"s":{"0":2,"1":2,"2":2,"3":2,"4":2,"5":2},"f":{},"b":{}}
,"C:\\Users\\Murillo\\Desktop\\Desafio 3\\src\\components\\banner-path\\Bannerpath.tsx": {"path":"C:\\Users\\Murillo\\Desktop\\Desafio 3\\src\\components\\banner-path\\Bannerpath.tsx","statementMap":{"0":{"start":{"line":1,"column":30},"end":{"line":3,"column":1}},"1":{"start":{"line":2,"column":2},"end":{"line":2,"column":58}},"2":{"start":{"line":5,"column":19},"end":{"line":18,"column":1}},"3":{"start":{"line":6,"column":15},"end":{"line":7,"column":51}},"4":{"start":{"line":7,"column":20},"end":{"line":7,"column":50}},"5":{"start":{"line":9,"column":2},"end":{"line":17,"column":4}},"6":{"start":{"line":20,"column":0},"end":{"line":20,"column":26}}},"fnMap":{"0":{"name":"(anonymous_0)","decl":{"start":{"line":1,"column":30},"end":{"line":1,"column":31}},"loc":{"start":{"line":1,"column":49},"end":{"line":3,"column":1}}},"1":{"name":"(anonymous_1)","decl":{"start":{"line":5,"column":19},"end":{"line":5,"column":22}},"loc":{"start":{"line":5,"column":24},"end":{"line":18,"column":1}}},"2":{"name":"(anonymous_2)","decl":{"start":{"line":7,"column":9},"end":{"line":7,"column":16}},"loc":{"start":{"line":7,"column":20},"end":{"line":7,"column":50}}}},"branchMap":{},"s":{"0":1,"1":0,"2":1,"3":1,"4":0,"5":1,"6":1},"f":{"0":0,"1":1,"2":0},"b":{}}
,"C:\\Users\\Murillo\\Desktop\\Desafio 3\\src\\components\\buttons\\BuyNow.tsx": {"path":"C:\\Users\\Murillo\\Desktop\\Desafio 3\\src\\components\\buttons\\BuyNow.tsx","statementMap":{"0":{"start":{"line":1,"column":0},"end":{"line":1,"column":46}},"1":{"start":{"line":3,"column":15},"end":{"line":13,"column":1}},"2":{"start":{"line":4,"column":19},"end":{"line":4,"column":32}},"3":{"start":{"line":6,"column":2},"end":{"line":12,"column":null}},"4":{"start":{"line":8,"column":31},"end":{"line":8,"column":48}},"5":{"start":{"line":15,"column":0},"end":{"line":15,"column":null}}},"fnMap":{"0":{"name":"(anonymous_0)","decl":{"start":{"line":3,"column":15},"end":{"line":3,"column":18}},"loc":{"start":{"line":3,"column":20},"end":{"line":13,"column":1}}},"1":{"name":"(anonymous_1)","decl":{"start":{"line":8,"column":25},"end":{"line":8,"column":28}},"loc":{"start":{"line":8,"column":31},"end":{"line":8,"column":48}}}},"branchMap":{},"s":{"0":1,"1":1,"2":1,"3":1,"4":1,"5":1},"f":{"0":1,"1":1},"b":{}}
,"C:\\Users\\Murillo\\Desktop\\Desafio 3\\src\\components\\cart\\CartItem.tsx": {"path":"C:\\Users\\Murillo\\Desktop\\Desafio 3\\src\\components\\cart\\CartItem.tsx","statementMap":{"0":{"start":{"line":1,"column":0},"end":{"line":1,"column":35}},"1":{"start":{"line":2,"column":0},"end":{"line":2,"column":51}},"2":{"start":{"line":5,"column":17},"end":{"line":44,"column":1}},"3":{"start":{"line":6,"column":18},"end":{"line":6,"column":40}},"4":{"start":{"line":8,"column":2},"end":{"line":10,"column":3}},"5":{"start":{"line":9,"column":4},"end":{"line":9,"column":65}},"6":{"start":{"line":12,"column":38},"end":{"line":12,"column":45}},"7":{"start":{"line":14,"column":30},"end":{"line":17,"column":3}},"8":{"start":{"line":15,"column":25},"end":{"line":15,"column":67}},"9":{"start":{"line":15,"column":52},"end":{"line":15,"column":66}},"10":{"start":{"line":16,"column":4},"end":{"line":16,"column":31}},"11":{"start":{"line":19,"column":21},"end":{"line":19,"column":54}},"12":{"start":{"line":21,"column":2},"end":{"line":43,"column":4}},"13":{"start":{"line":46,"column":0},"end":{"line":46,"column":24}}},"fnMap":{"0":{"name":"(anonymous_0)","decl":{"start":{"line":5,"column":17},"end":{"line":5,"column":18}},"loc":{"start":{"line":5,"column":78},"end":{"line":44,"column":1}}},"1":{"name":"(anonymous_1)","decl":{"start":{"line":14,"column":30},"end":{"line":14,"column":33}},"loc":{"start":{"line":14,"column":35},"end":{"line":17,"column":3}}},"2":{"name":"(anonymous_2)","decl":{"start":{"line":15,"column":42},"end":{"line":15,"column":43}},"loc":{"start":{"line":15,"column":52},"end":{"line":15,"column":66}}}},"branchMap":{"0":{"loc":{"start":{"line":8,"column":2},"end":{"line":10,"column":3}},"type":"if","locations":[{"start":{"line":8,"column":2},"end":{"line":10,"column":3}}]}},"s":{"0":1,"1":1,"2":1,"3":0,"4":0,"5":0,"6":0,"7":0,"8":0,"9":0,"10":0,"11":0,"12":0,"13":1},"f":{"0":0,"1":0,"2":0},"b":{"0":[0]}}
,"C:\\Users\\Murillo\\Desktop\\Desafio 3\\src\\components\\cart\\CartOverlay.tsx": {"path":"C:\\Users\\Murillo\\Desktop\\Desafio 3\\src\\components\\cart\\CartOverlay.tsx","statementMap":{"0":{"start":{"line":1,"column":0},"end":{"line":1,"column":53}},"1":{"start":{"line":2,"column":0},"end":{"line":2,"column":47}},"2":{"start":{"line":3,"column":0},"end":{"line":3,"column":34}},"3":{"start":{"line":4,"column":0},"end":{"line":4,"column":51}},"4":{"start":{"line":5,"column":0},"end":{"line":5,"column":57}},"5":{"start":{"line":6,"column":0},"end":{"line":6,"column":35}},"6":{"start":{"line":8,"column":75},"end":{"line":110,"column":1}},"7":{"start":{"line":12,"column":26},"end":{"line":12,"column":59}},"8":{"start":{"line":13,"column":18},"end":{"line":13,"column":40}},"9":{"start":{"line":14,"column":2},"end":{"line":16,"column":3}},"10":{"start":{"line":15,"column":4},"end":{"line":15,"column":65}},"11":{"start":{"line":18,"column":35},"end":{"line":18,"column":42}},"12":{"start":{"line":20,"column":21},"end":{"line":22,"column":15}},"13":{"start":{"line":21,"column":27},"end":{"line":21,"column":63}},"14":{"start":{"line":24,"column":19},"end":{"line":24,"column":32}},"15":{"start":{"line":26,"column":2},"end":{"line":38,"column":16}},"16":{"start":{"line":27,"column":26},"end":{"line":31,"column":5}},"17":{"start":{"line":28,"column":6},"end":{"line":30,"column":7}},"18":{"start":{"line":29,"column":8},"end":{"line":29,"column":18}},"19":{"start":{"line":33,"column":4},"end":{"line":33,"column":56}},"20":{"start":{"line":35,"column":4},"end":{"line":37,"column":6}},"21":{"start":{"line":36,"column":6},"end":{"line":36,"column":61}},"22":{"start":{"line":40,"column":2},"end":{"line":44,"column":9}},"23":{"start":{"line":41,"column":4},"end":{"line":43,"column":7}},"24":{"start":{"line":42,"column":6},"end":{"line":42,"column":27}},"25":{"start":{"line":46,"column":25},"end":{"line":55,"column":3}},"26":{"start":{"line":47,"column":4},"end":{"line":54,"column":5}},"27":{"start":{"line":48,"column":6},"end":{"line":48,"column":28}},"28":{"start":{"line":49,"column":11},"end":{"line":54,"column":5}},"29":{"start":{"line":50,"column":6},"end":{"line":50,"column":34}},"30":{"start":{"line":52,"column":6},"end":{"line":52,"column":34}},"31":{"start":{"line":53,"column":6},"end":{"line":53,"column":25}},"32":{"start":{"line":57,"column":2},"end":{"line":109,"column":4}},"33":{"start":{"line":66,"column":24},"end":{"line":66,"column":43}},"34":{"start":{"line":80,"column":12},"end":{"line":80,"column":44}},"35":{"start":{"line":92,"column":27},"end":{"line":92,"column":44}},"36":{"start":{"line":112,"column":0},"end":{"line":112,"column":27}}},"fnMap":{"0":{"name":"(anonymous_0)","decl":{"start":{"line":8,"column":75},"end":{"line":8,"column":76}},"loc":{"start":{"line":11,"column":5},"end":{"line":110,"column":1}}},"1":{"name":"(anonymous_1)","decl":{"start":{"line":21,"column":12},"end":{"line":21,"column":13}},"loc":{"start":{"line":21,"column":27},"end":{"line":21,"column":63}}},"2":{"name":"(anonymous_2)","decl":{"start":{"line":26,"column":12},"end":{"line":26,"column":15}},"loc":{"start":{"line":26,"column":17},"end":{"line":38,"column":3}}},"3":{"name":"(anonymous_3)","decl":{"start":{"line":27,"column":26},"end":{"line":27,"column":27}},"loc":{"start":{"line":27,"column":51},"end":{"line":31,"column":5}}},"4":{"name":"(anonymous_4)","decl":{"start":{"line":35,"column":11},"end":{"line":35,"column":14}},"loc":{"start":{"line":35,"column":16},"end":{"line":37,"column":5}}},"5":{"name":"(anonymous_5)","decl":{"start":{"line":40,"column":12},"end":{"line":40,"column":15}},"loc":{"start":{"line":40,"column":17},"end":{"line":44,"column":3}}},"6":{"name":"(anonymous_6)","decl":{"start":{"line":41,"column":29},"end":{"line":41,"column":30}},"loc":{"start":{"line":41,"column":45},"end":{"line":43,"column":5}}},"7":{"name":"(anonymous_7)","decl":{"start":{"line":46,"column":25},"end":{"line":46,"column":28}},"loc":{"start":{"line":46,"column":30},"end":{"line":55,"column":3}}},"8":{"name":"(anonymous_8)","decl":{"start":{"line":66,"column":17},"end":{"line":66,"column":18}},"loc":{"start":{"line":66,"column":24},"end":{"line":66,"column":43}}},"9":{"name":"(anonymous_9)","decl":{"start":{"line":79,"column":25},"end":{"line":79,"column":26}},"loc":{"start":{"line":80,"column":12},"end":{"line":80,"column":44}}},"10":{"name":"(anonymous_10)","decl":{"start":{"line":92,"column":21},"end":{"line":92,"column":24}},"loc":{"start":{"line":92,"column":27},"end":{"line":92,"column":44}}}},"branchMap":{"0":{"loc":{"start":{"line":14,"column":2},"end":{"line":16,"column":3}},"type":"if","locations":[{"start":{"line":14,"column":2},"end":{"line":16,"column":3}}]},"1":{"loc":{"start":{"line":28,"column":6},"end":{"line":30,"column":7}},"type":"if","locations":[{"start":{"line":28,"column":6},"end":{"line":30,"column":7}}]},"2":{"loc":{"start":{"line":47,"column":4},"end":{"line":54,"column":5}},"type":"if","locations":[{"start":{"line":47,"column":4},"end":{"line":54,"column":5}},{"start":{"line":49,"column":11},"end":{"line":54,"column":5}}]},"3":{"loc":{"start":{"line":47,"column":8},"end":{"line":47,"column":36}},"type":"binary-expr","locations":[{"start":{"line":47,"column":8},"end":{"line":47,"column":12}},{"start":{"line":47,"column":16},"end":{"line":47,"column":36}}]},"4":{"loc":{"start":{"line":49,"column":11},"end":{"line":54,"column":5}},"type":"if","locations":[{"start":{"line":49,"column":11},"end":{"line":54,"column":5}},{"start":{"line":51,"column":11},"end":{"line":54,"column":5}}]},"5":{"loc":{"start":{"line":49,"column":15},"end":{"line":49,"column":45}},"type":"binary-expr","locations":[{"start":{"line":49,"column":15},"end":{"line":49,"column":19}},{"start":{"line":49,"column":23},"end":{"line":49,"column":45}}]},"6":{"loc":{"start":{"line":60,"column":8},"end":{"line":60,"column":null}},"type":"cond-expr","locations":[{"start":{"line":60,"column":20},"end":{"line":60,"column":27}},{"start":{"line":60,"column":30},"end":{"line":60,"column":null}}]}},"s":{"0":1,"1":1,"2":1,"3":1,"4":1,"5":1,"6":1,"7":0,"8":0,"9":0,"10":0,"11":0,"12":0,"13":0,"14":0,"15":0,"16":0,"17":0,"18":0,"19":0,"20":0,"21":0,"22":0,"23":0,"24":0,"25":0,"26":0,"27":0,"28":0,"29":0,"30":0,"31":0,"32":0,"33":0,"34":0,"35":0,"36":1},"f":{"0":0,"1":0,"2":0,"3":0,"4":0,"5":0,"6":0,"7":0,"8":0,"9":0,"10":0},"b":{"0":[0],"1":[0],"2":[0,0],"3":[0,0],"4":[0,0],"5":[0,0],"6":[0,0]}}
,"C:\\Users\\Murillo\\Desktop\\Desafio 3\\src\\components\\dropdownUser\\UserDropdown.tsx": {"path":"C:\\Users\\Murillo\\Desktop\\Desafio 3\\src\\components\\dropdownUser\\UserDropdown.tsx","statementMap":{"0":{"start":{"line":2,"column":0},"end":{"line":2,"column":47}},"1":{"start":{"line":3,"column":0},"end":{"line":3,"column":46}},"2":{"start":{"line":4,"column":0},"end":{"line":4,"column":35}},"3":{"start":{"line":11,"column":50},"end":{"line":48,"column":1}},"4":{"start":{"line":12,"column":19},"end":{"line":12,"column":32}},"5":{"start":{"line":14,"column":23},"end":{"line":23,"column":3}},"6":{"start":{"line":15,"column":4},"end":{"line":22,"column":5}},"7":{"start":{"line":16,"column":6},"end":{"line":16,"column":26}},"8":{"start":{"line":17,"column":6},"end":{"line":17,"column":28}},"9":{"start":{"line":18,"column":26},"end":{"line":18,"column":95}},"10":{"start":{"line":19,"column":6},"end":{"line":19,"column":45}},"11":{"start":{"line":21,"column":6},"end":{"line":21,"column":19}},"12":{"start":{"line":25,"column":2},"end":{"line":47,"column":4}},"13":{"start":{"line":40,"column":25},"end":{"line":40,"column":46}},"14":{"start":{"line":50,"column":0},"end":{"line":50,"column":28}},"15":{"start":{"line":57,"column":85},"end":{"line":57,"column":38858}},"16":{"start":{"line":57,"column":89},"end":{"line":57,"column":38847}},"17":{"start":{"line":57,"column":38973},"end":{"line":57,"column":38979}},"18":{"start":{"line":57,"column":39094},"end":{"line":57,"column":39100}},"19":{"start":{"line":57,"column":39219},"end":{"line":57,"column":39225}},"20":{"start":{"line":57,"column":39369},"end":{"line":57,"column":39375}}},"fnMap":{"0":{"name":"(anonymous_0)","decl":{"start":{"line":11,"column":50},"end":{"line":11,"column":51}},"loc":{"start":{"line":11,"column":74},"end":{"line":48,"column":1}}},"1":{"name":"(anonymous_1)","decl":{"start":{"line":14,"column":23},"end":{"line":14,"column":28}},"loc":{"start":{"line":14,"column":49},"end":{"line":23,"column":3}}},"2":{"name":"(anonymous_2)","decl":{"start":{"line":40,"column":19},"end":{"line":40,"column":22}},"loc":{"start":{"line":40,"column":25},"end":{"line":40,"column":46}}},"3":{"name":"oo_cm","decl":{"start":{"line":57,"column":77},"end":{"line":57,"column":82}},"loc":{"start":{"line":57,"column":82},"end":{"line":57,"column":38859}}}},"branchMap":{"0":{"loc":{"start":{"line":28,"column":8},"end":{"line":28,"column":null}},"type":"cond-expr","locations":[{"start":{"line":28,"column":20},"end":{"line":28,"column":27}},{"start":{"line":28,"column":30},"end":{"line":28,"column":null}}]},"1":{"loc":{"start":{"line":31,"column":7},"end":{"line":44,"column":null}},"type":"cond-expr","locations":[{"start":{"line":32,"column":8},"end":{"line":34,"column":null}},{"start":{"line":39,"column":8},"end":{"line":41,"column":null}}]},"2":{"loc":{"start":{"line":57,"column":96},"end":{"line":57,"column":38846}},"type":"binary-expr","locations":[{"start":{"line":57,"column":96},"end":{"line":57,"column":133}},{"start":{"line":57,"column":137},"end":{"line":57,"column":38846}}]}},"s":{"0":2,"1":2,"2":2,"3":2,"4":1,"5":1,"6":0,"7":0,"8":0,"9":0,"10":0,"11":0,"12":1,"13":0,"14":2,"15":0,"16":0,"17":2,"18":2,"19":2,"20":2},"f":{"0":1,"1":0,"2":0,"3":0},"b":{"0":[1,0],"1":[1,0],"2":[0,0]}}
,"C:\\Users\\Murillo\\Desktop\\Desafio 3\\src\\components\\filter\\Filter.tsx": {"path":"C:\\Users\\Murillo\\Desktop\\Desafio 3\\src\\components\\filter\\Filter.tsx","statementMap":{"0":{"start":{"line":13,"column":15},"end":{"line":99,"column":1}},"1":{"start":{"line":22,"column":2},"end":{"line":98,"column":4}},"2":{"start":{"line":60,"column":29},"end":{"line":60,"column":70}},"3":{"start":{"line":73,"column":28},"end":{"line":73,"column":42}},"4":{"start":{"line":74,"column":14},"end":{"line":78,"column":15}},"5":{"start":{"line":75,"column":16},"end":{"line":75,"column":67}},"6":{"start":{"line":77,"column":16},"end":{"line":77,"column":36}},"7":{"start":{"line":101,"column":0},"end":{"line":101,"column":22}}},"fnMap":{"0":{"name":"(anonymous_0)","decl":{"start":{"line":13,"column":15},"end":{"line":13,"column":16}},"loc":{"start":{"line":21,"column":18},"end":{"line":99,"column":1}}},"1":{"name":"(anonymous_1)","decl":{"start":{"line":60,"column":22},"end":{"line":60,"column":23}},"loc":{"start":{"line":60,"column":29},"end":{"line":60,"column":70}}},"2":{"name":"(anonymous_2)","decl":{"start":{"line":72,"column":22},"end":{"line":72,"column":23}},"loc":{"start":{"line":72,"column":28},"end":{"line":79,"column":13}}}},"branchMap":{"0":{"loc":{"start":{"line":74,"column":14},"end":{"line":78,"column":15}},"type":"if","locations":[{"start":{"line":74,"column":14},"end":{"line":78,"column":15}},{"start":{"line":76,"column":21},"end":{"line":78,"column":15}}]}},"s":{"0":1,"1":4,"2":1,"3":2,"4":2,"5":1,"6":1,"7":1},"f":{"0":4,"1":1,"2":2},"b":{"0":[1,1]}}
,"C:\\Users\\Murillo\\Desktop\\Desafio 3\\src\\components\\footer\\Footer.tsx": {"path":"C:\\Users\\Murillo\\Desktop\\Desafio 3\\src\\components\\footer\\Footer.tsx","statementMap":{"0":{"start":{"line":1,"column":0},"end":{"line":1,"column":47}},"1":{"start":{"line":3,"column":15},"end":{"line":83,"column":1}},"2":{"start":{"line":4,"column":21},"end":{"line":4,"column":34}},"3":{"start":{"line":6,"column":29},"end":{"line":8,"column":5}},"4":{"start":{"line":7,"column":8},"end":{"line":7,"column":26}},"5":{"start":{"line":9,"column":2},"end":{"line":82,"column":null}},"6":{"start":{"line":41,"column":35},"end":{"line":41,"column":56}},"7":{"start":{"line":42,"column":35},"end":{"line":42,"column":60}},"8":{"start":{"line":44,"column":35},"end":{"line":44,"column":63}},"9":{"start":{"line":85,"column":0},"end":{"line":85,"column":null}}},"fnMap":{"0":{"name":"(anonymous_0)","decl":{"start":{"line":3,"column":15},"end":{"line":3,"column":18}},"loc":{"start":{"line":3,"column":20},"end":{"line":83,"column":1}}},"1":{"name":"(anonymous_1)","decl":{"start":{"line":6,"column":29},"end":{"line":6,"column":30}},"loc":{"start":{"line":6,"column":49},"end":{"line":8,"column":5}}},"2":{"name":"(anonymous_2)","decl":{"start":{"line":41,"column":29},"end":{"line":41,"column":32}},"loc":{"start":{"line":41,"column":35},"end":{"line":41,"column":56}}},"3":{"name":"(anonymous_3)","decl":{"start":{"line":42,"column":29},"end":{"line":42,"column":32}},"loc":{"start":{"line":42,"column":35},"end":{"line":42,"column":60}}},"4":{"name":"(anonymous_4)","decl":{"start":{"line":44,"column":29},"end":{"line":44,"column":32}},"loc":{"start":{"line":44,"column":35},"end":{"line":44,"column":63}}}},"branchMap":{},"s":{"0":1,"1":1,"2":1,"3":1,"4":3,"5":1,"6":1,"7":1,"8":1,"9":1},"f":{"0":1,"1":3,"2":1,"3":1,"4":1},"b":{}}
,"C:\\Users\\Murillo\\Desktop\\Desafio 3\\src\\components\\header\\Header.tsx": {"path":"C:\\Users\\Murillo\\Desktop\\Desafio 3\\src\\components\\header\\Header.tsx","statementMap":{"0":{"start":{"line":1,"column":0},"end":{"line":1,"column":56}},"1":{"start":{"line":2,"column":0},"end":{"line":2,"column":47}},"2":{"start":{"line":3,"column":0},"end":{"line":3,"column":57}},"3":{"start":{"line":4,"column":0},"end":{"line":4,"column":35}},"4":{"start":{"line":5,"column":0},"end":{"line":5,"column":46}},"5":{"start":{"line":6,"column":0},"end":{"line":6,"column":56}},"6":{"start":{"line":7,"column":0},"end":{"line":7,"column":51}},"7":{"start":{"line":9,"column":15},"end":{"line":80,"column":1}},"8":{"start":{"line":10,"column":19},"end":{"line":10,"column":32}},"9":{"start":{"line":11,"column":46},"end":{"line":11,"column":61}},"10":{"start":{"line":12,"column":26},"end":{"line":12,"column":53}},"11":{"start":{"line":13,"column":58},"end":{"line":13,"column":73}},"12":{"start":{"line":14,"column":18},"end":{"line":14,"column":40}},"13":{"start":{"line":16,"column":2},"end":{"line":18,"column":3}},"14":{"start":{"line":17,"column":4},"end":{"line":17,"column":65}},"15":{"start":{"line":20,"column":24},"end":{"line":20,"column":31}},"16":{"start":{"line":22,"column":2},"end":{"line":26,"column":9}},"17":{"start":{"line":23,"column":4},"end":{"line":25,"column":7}},"18":{"start":{"line":24,"column":6},"end":{"line":24,"column":27}},"19":{"start":{"line":28,"column":25},"end":{"line":30,"column":3}},"20":{"start":{"line":29,"column":4},"end":{"line":29,"column":39}},"21":{"start":{"line":32,"column":28},"end":{"line":34,"column":3}},"22":{"start":{"line":33,"column":4},"end":{"line":33,"column":51}},"23":{"start":{"line":36,"column":2},"end":{"line":79,"column":4}},"24":{"start":{"line":40,"column":25},"end":{"line":40,"column":38}},"25":{"start":{"line":46,"column":28},"end":{"line":46,"column":41}},"26":{"start":{"line":47,"column":28},"end":{"line":47,"column":45}},"27":{"start":{"line":49,"column":28},"end":{"line":49,"column":48}},"28":{"start":{"line":76,"column":23},"end":{"line":76,"column":53}},"29":{"start":{"line":82,"column":0},"end":{"line":82,"column":22}}},"fnMap":{"0":{"name":"(anonymous_0)","decl":{"start":{"line":9,"column":15},"end":{"line":9,"column":18}},"loc":{"start":{"line":9,"column":20},"end":{"line":80,"column":1}}},"1":{"name":"(anonymous_1)","decl":{"start":{"line":22,"column":12},"end":{"line":22,"column":15}},"loc":{"start":{"line":22,"column":17},"end":{"line":26,"column":3}}},"2":{"name":"(anonymous_2)","decl":{"start":{"line":23,"column":29},"end":{"line":23,"column":30}},"loc":{"start":{"line":23,"column":45},"end":{"line":25,"column":5}}},"3":{"name":"(anonymous_3)","decl":{"start":{"line":28,"column":25},"end":{"line":28,"column":28}},"loc":{"start":{"line":28,"column":30},"end":{"line":30,"column":3}}},"4":{"name":"(anonymous_4)","decl":{"start":{"line":32,"column":28},"end":{"line":32,"column":31}},"loc":{"start":{"line":32,"column":33},"end":{"line":34,"column":3}}},"5":{"name":"(anonymous_5)","decl":{"start":{"line":40,"column":19},"end":{"line":40,"column":22}},"loc":{"start":{"line":40,"column":25},"end":{"line":40,"column":38}}},"6":{"name":"(anonymous_6)","decl":{"start":{"line":46,"column":22},"end":{"line":46,"column":25}},"loc":{"start":{"line":46,"column":28},"end":{"line":46,"column":41}}},"7":{"name":"(anonymous_7)","decl":{"start":{"line":47,"column":22},"end":{"line":47,"column":25}},"loc":{"start":{"line":47,"column":28},"end":{"line":47,"column":45}}},"8":{"name":"(anonymous_8)","decl":{"start":{"line":49,"column":22},"end":{"line":49,"column":25}},"loc":{"start":{"line":49,"column":28},"end":{"line":49,"column":48}}},"9":{"name":"(anonymous_9)","decl":{"start":{"line":76,"column":17},"end":{"line":76,"column":20}},"loc":{"start":{"line":76,"column":23},"end":{"line":76,"column":53}}}},"branchMap":{"0":{"loc":{"start":{"line":16,"column":2},"end":{"line":18,"column":3}},"type":"if","locations":[{"start":{"line":16,"column":2},"end":{"line":18,"column":3}}]},"1":{"loc":{"start":{"line":65,"column":13},"end":{"line":68,"column":null}},"type":"binary-expr","locations":[{"start":{"line":65,"column":13},"end":{"line":65,"column":33}},{"start":{"line":66,"column":14},"end":{"line":67,"column":null}}]}},"s":{"0":1,"1":1,"2":1,"3":1,"4":1,"5":1,"6":1,"7":1,"8":5,"9":5,"10":4,"11":4,"12":4,"13":4,"14":4,"15":0,"16":0,"17":0,"18":0,"19":0,"20":0,"21":0,"22":0,"23":0,"24":0,"25":0,"26":0,"27":0,"28":0,"29":1},"f":{"0":5,"1":0,"2":0,"3":0,"4":0,"5":0,"6":0,"7":0,"8":0,"9":0},"b":{"0":[4],"1":[0,0]}}
,"C:\\Users\\Murillo\\Desktop\\Desafio 3\\src\\components\\pagination\\Pagination.tsx": {"path":"C:\\Users\\Murillo\\Desktop\\Desafio 3\\src\\components\\pagination\\Pagination.tsx","statementMap":{"0":{"start":{"line":3,"column":18},"end":{"line":3,"column":19}},"1":{"start":{"line":4,"column":17},"end":{"line":4,"column":36}},"2":{"start":{"line":13,"column":19},"end":{"line":50,"column":1}},"3":{"start":{"line":14,"column":20},"end":{"line":14,"column":63}},"4":{"start":{"line":15,"column":18},"end":{"line":15,"column":42}},"5":{"start":{"line":16,"column":21},"end":{"line":16,"column":57}},"6":{"start":{"line":17,"column":18},"end":{"line":17,"column":69}},"7":{"start":{"line":20,"column":8},"end":{"line":20,"column":38}},"8":{"start":{"line":23,"column":4},"end":{"line":49,"column":6}},"9":{"start":{"line":26,"column":35},"end":{"line":26,"column":48}},"10":{"start":{"line":28,"column":20},"end":{"line":28,"column":null}},"11":{"start":{"line":30,"column":43},"end":{"line":30,"column":61}},"12":{"start":{"line":41,"column":35},"end":{"line":41,"column":60}},"13":{"start":{"line":52,"column":0},"end":{"line":52,"column":26}}},"fnMap":{"0":{"name":"(anonymous_0)","decl":{"start":{"line":13,"column":19},"end":{"line":13,"column":20}},"loc":{"start":{"line":13,"column":66},"end":{"line":50,"column":1}}},"1":{"name":"onPageChange","decl":{"start":{"line":19,"column":13},"end":{"line":19,"column":25}},"loc":{"start":{"line":19,"column":38},"end":{"line":21,"column":5}}},"2":{"name":"(anonymous_2)","decl":{"start":{"line":26,"column":21},"end":{"line":26,"column":22}},"loc":{"start":{"line":26,"column":35},"end":{"line":26,"column":48}}},"3":{"name":"(anonymous_3)","decl":{"start":{"line":27,"column":21},"end":{"line":27,"column":22}},"loc":{"start":{"line":28,"column":20},"end":{"line":28,"column":null}}},"4":{"name":"(anonymous_4)","decl":{"start":{"line":30,"column":37},"end":{"line":30,"column":40}},"loc":{"start":{"line":30,"column":43},"end":{"line":30,"column":61}}},"5":{"name":"(anonymous_5)","decl":{"start":{"line":41,"column":29},"end":{"line":41,"column":32}},"loc":{"start":{"line":41,"column":35},"end":{"line":41,"column":60}}}},"branchMap":{"0":{"loc":{"start":{"line":14,"column":20},"end":{"line":14,"column":63}},"type":"cond-expr","locations":[{"start":{"line":14,"column":29},"end":{"line":14,"column":59}},{"start":{"line":14,"column":62},"end":{"line":14,"column":63}}]},"1":{"loc":{"start":{"line":32,"column":32},"end":{"line":32,"column":null}},"type":"cond-expr","locations":[{"start":{"line":32,"column":51},"end":{"line":32,"column":74}},{"start":{"line":32,"column":77},"end":{"line":32,"column":null}}]}},"s":{"0":1,"1":1,"2":1,"3":1,"4":1,"5":1,"6":1,"7":2,"8":1,"9":3,"10":3,"11":1,"12":1,"13":1},"f":{"0":1,"1":2,"2":3,"3":3,"4":1,"5":1},"b":{"0":[0,1],"1":[1,2]}}
,"C:\\Users\\Murillo\\Desktop\\Desafio 3\\src\\components\\qualities\\Qualities.tsx": {"path":"C:\\Users\\Murillo\\Desktop\\Desafio 3\\src\\components\\qualities\\Qualities.tsx","statementMap":{"0":{"start":{"line":1,"column":18},"end":{"line":34,"column":1}},"1":{"start":{"line":2,"column":2},"end":{"line":33,"column":null}},"2":{"start":{"line":36,"column":0},"end":{"line":36,"column":null}}},"fnMap":{"0":{"name":"(anonymous_0)","decl":{"start":{"line":1,"column":18},"end":{"line":1,"column":21}},"loc":{"start":{"line":1,"column":23},"end":{"line":34,"column":1}}}},"branchMap":{},"s":{"0":1,"1":4,"2":1},"f":{"0":4},"b":{}}
,"C:\\Users\\Murillo\\Desktop\\Desafio 3\\src\\components\\singleProduct\\Descriptions.tsx": {"path":"C:\\Users\\Murillo\\Desktop\\Desafio 3\\src\\components\\singleProduct\\Descriptions.tsx","statementMap":{"0":{"start":{"line":1,"column":0},"end":{"line":1,"column":33}},"1":{"start":{"line":4,"column":21},"end":{"line":48,"column":1}},"2":{"start":{"line":5,"column":36},"end":{"line":5,"column":71}},"3":{"start":{"line":7,"column":25},"end":{"line":9,"column":3}},"4":{"start":{"line":8,"column":4},"end":{"line":8,"column":22}},"5":{"start":{"line":11,"column":2},"end":{"line":47,"column":4}},"6":{"start":{"line":15,"column":25},"end":{"line":15,"column":48}},"7":{"start":{"line":23,"column":25},"end":{"line":23,"column":47}},"8":{"start":{"line":50,"column":0},"end":{"line":50,"column":28}}},"fnMap":{"0":{"name":"(anonymous_0)","decl":{"start":{"line":4,"column":21},"end":{"line":4,"column":22}},"loc":{"start":{"line":4,"column":50},"end":{"line":48,"column":1}}},"1":{"name":"(anonymous_1)","decl":{"start":{"line":7,"column":25},"end":{"line":7,"column":26}},"loc":{"start":{"line":7,"column":51},"end":{"line":9,"column":3}}},"2":{"name":"(anonymous_2)","decl":{"start":{"line":15,"column":19},"end":{"line":15,"column":22}},"loc":{"start":{"line":15,"column":25},"end":{"line":15,"column":48}}},"3":{"name":"(anonymous_3)","decl":{"start":{"line":23,"column":19},"end":{"line":23,"column":22}},"loc":{"start":{"line":23,"column":25},"end":{"line":23,"column":47}}}},"branchMap":{"0":{"loc":{"start":{"line":17,"column":12},"end":{"line":17,"column":null}},"type":"cond-expr","locations":[{"start":{"line":17,"column":36},"end":{"line":17,"column":48}},{"start":{"line":17,"column":51},"end":{"line":17,"column":null}}]},"1":{"loc":{"start":{"line":25,"column":12},"end":{"line":25,"column":null}},"type":"cond-expr","locations":[{"start":{"line":25,"column":35},"end":{"line":25,"column":47}},{"start":{"line":25,"column":50},"end":{"line":25,"column":null}}]},"2":{"loc":{"start":{"line":32,"column":9},"end":{"line":32,"column":69}},"type":"cond-expr","locations":[{"start":{"line":32,"column":33},"end":{"line":32,"column":50}},{"start":{"line":32,"column":53},"end":{"line":32,"column":69}}]}},"s":{"0":1,"1":1,"2":2,"3":2,"4":1,"5":2,"6":0,"7":1,"8":1},"f":{"0":2,"1":1,"2":0,"3":1},"b":{"0":[1,1],"1":[1,1],"2":[1,1]}}
,"C:\\Users\\Murillo\\Desktop\\Desafio 3\\src\\contexts\\AppContext.ts": {"path":"C:\\Users\\Murillo\\Desktop\\Desafio 3\\src\\contexts\\AppContext.ts","statementMap":{"0":{"start":{"line":1,"column":0},"end":{"line":1,"column":38}},"1":{"start":{"line":16,"column":19},"end":{"line":16,"column":72}},"2":{"start":{"line":18,"column":0},"end":{"line":18,"column":26}}},"fnMap":{},"branchMap":{},"s":{"0":1,"1":1,"2":1},"f":{},"b":{}}
,"C:\\Users\\Murillo\\Desktop\\Desafio 3\\src\\pages\\contact\\Info.tsx": {"path":"C:\\Users\\Murillo\\Desktop\\Desafio 3\\src\\pages\\contact\\Info.tsx","statementMap":{"0":{"start":{"line":2,"column":13},"end":{"line":56,"column":1}},"1":{"start":{"line":3,"column":2},"end":{"line":54,"column":4}},"2":{"start":{"line":58,"column":0},"end":{"line":58,"column":20}}},"fnMap":{"0":{"name":"(anonymous_0)","decl":{"start":{"line":2,"column":13},"end":{"line":2,"column":16}},"loc":{"start":{"line":2,"column":18},"end":{"line":56,"column":1}}}},"branchMap":{},"s":{"0":1,"1":1,"2":1},"f":{"0":1},"b":{}}
}
